<?xml version="1.0" encoding="UTF-8" ?>
<testsuite tests="9" failures="0" name="GarageRealisationTest" time="0.006" errors="0" skipped="0">
  <properties>
[...]
</properties>
  <testcase classname="GarageRealisationTest" name="addNewCar" time="0.002"/>
  <testcase classname="GarageRealisationTest" name="allCarsOfBrand" time="0"/>
  <testcase classname="GarageRealisationTest" name="allCarsOfOwner" time="0"/>
  <testcase classname="GarageRealisationTest" name="allCarsUniqueOwners" time="0"/>
  <testcase classname="GarageRealisationTest" name="carsWithPowerMoreThan" time="0"/>
  <testcase classname="GarageRealisationTest" name="meanCarNumberForEachOwner" time="0"/>
  <testcase classname="GarageRealisationTest" name="meanOwnersAgeOfCarBrand" time="0"/>
  <testcase classname="GarageRealisationTest" name="removeCar" time="0.002"/>
  <testcase classname="GarageRealisationTest" name="topThreeCarsByMaxVelocity" time="0.002"/>
</testsuite>